0 info it worked if it ends with ok
1 verbose cli [ '/Users/zhangruiwu/.nvm/versions/node/v7.7.0/bin/node',
1 verbose cli   '/Users/zhangruiwu/.nvm/versions/node/v7.7.0/bin/npm',
1 verbose cli   'run',
1 verbose cli   'public' ]
2 info using npm@4.1.2
3 info using node@v7.7.0
4 verbose run-script [ 'prepublic', 'public', 'postpublic' ]
5 info lifecycle xiao555-blog@1.0.0~prepublic: xiao555-blog@1.0.0
6 silly lifecycle xiao555-blog@1.0.0~prepublic: no script for prepublic, continuing
7 info lifecycle xiao555-blog@1.0.0~public: xiao555-blog@1.0.0
8 verbose lifecycle xiao555-blog@1.0.0~public: unsafe-perm in lifecycle true
9 verbose lifecycle xiao555-blog@1.0.0~public: PATH: /Users/zhangruiwu/.nvm/versions/node/v7.7.0/lib/node_modules/npm/bin/node-gyp-bin:/Users/zhangruiwu/Desktop/transit/server/node_modules/.bin:/Users/zhangruiwu/.nvm/versions/node/v7.7.0/bin:/usr/local/bin:/usr/bin:/bin:/usr/sbin:/sbin
10 verbose lifecycle xiao555-blog@1.0.0~public: CWD: /Users/zhangruiwu/Desktop/transit/server
11 silly lifecycle xiao555-blog@1.0.0~public: Args: [ '-c', 'NODE_ENV=production node --harmony entry.js' ]
12 silly lifecycle xiao555-blog@1.0.0~public: Returned: code: 1  signal: null
13 info lifecycle xiao555-blog@1.0.0~public: Failed to exec public script
14 verbose stack Error: xiao555-blog@1.0.0 public: `NODE_ENV=production node --harmony entry.js`
14 verbose stack Exit status 1
14 verbose stack     at EventEmitter.<anonymous> (/Users/zhangruiwu/.nvm/versions/node/v7.7.0/lib/node_modules/npm/lib/utils/lifecycle.js:279:16)
14 verbose stack     at emitTwo (events.js:106:13)
14 verbose stack     at EventEmitter.emit (events.js:194:7)
14 verbose stack     at ChildProcess.<anonymous> (/Users/zhangruiwu/.nvm/versions/node/v7.7.0/lib/node_modules/npm/lib/utils/spawn.js:40:14)
14 verbose stack     at emitTwo (events.js:106:13)
14 verbose stack     at ChildProcess.emit (events.js:194:7)
14 verbose stack     at maybeClose (internal/child_process.js:899:16)
14 verbose stack     at Process.ChildProcess._handle.onexit (internal/child_process.js:226:5)
15 verbose pkgid xiao555-blog@1.0.0
16 verbose cwd /Users/zhangruiwu/Desktop/transit/server
17 error Darwin 16.5.0
18 error argv "/Users/zhangruiwu/.nvm/versions/node/v7.7.0/bin/node" "/Users/zhangruiwu/.nvm/versions/node/v7.7.0/bin/npm" "run" "public"
19 error node v7.7.0
20 error npm  v4.1.2
21 error code ELIFECYCLE
22 error xiao555-blog@1.0.0 public: `NODE_ENV=production node --harmony entry.js`
22 error Exit status 1
23 error Failed at the xiao555-blog@1.0.0 public script 'NODE_ENV=production node --harmony entry.js'.
23 error Make sure you have the latest version of node.js and npm installed.
23 error If you do, this is most likely a problem with the xiao555-blog package,
23 error not with npm itself.
23 error Tell the author that this fails on your system:
23 error     NODE_ENV=production node --harmony entry.js
23 error You can get information on how to open an issue for this project with:
23 error     npm bugs xiao555-blog
23 error Or if that isn't available, you can get their info via:
23 error     npm owner ls xiao555-blog
23 error There is likely additional logging output above.
24 verbose exit [ 1, true ]
